2021-12-20 16:39:46,066 INFO org.springframework.boot.StartupInfoLogger [main] Starting tallerApiApplication using Java 11.0.8 on LAPTOP-NRPU4M3U with PID 12084 (C:\Users\David Enfedaque\Desktop\ACCESO A DATOS\tallerAPI\target\classes started by David Enfedaque in C:\Users\David Enfedaque\Desktop\ACCESO A DATOS\tallerAPI)
2021-12-20 16:39:46,066 INFO org.springframework.boot.SpringApplication [main] No active profile set, falling back to default profiles: default
2021-12-20 16:39:46,675 INFO org.springframework.data.repository.config.RepositoryConfigurationDelegate [main] Bootstrapping Spring Data JPA repositories in DEFAULT mode.
2021-12-20 16:39:46,769 INFO org.springframework.data.repository.config.RepositoryConfigurationDelegate [main] Finished Spring Data repository scanning in 81 ms. Found 5 JPA repository interfaces.
2021-12-20 16:39:47,628 INFO org.springframework.boot.web.embedded.tomcat.TomcatWebServer [main] Tomcat initialized with port(s): 8080 (http)
2021-12-20 16:39:47,643 INFO org.apache.juli.logging.DirectJDKLog [main] Initializing ProtocolHandler ["http-nio-8080"]
2021-12-20 16:39:47,643 INFO org.apache.juli.logging.DirectJDKLog [main] Starting service [Tomcat]
2021-12-20 16:39:47,643 INFO org.apache.juli.logging.DirectJDKLog [main] Starting Servlet engine: [Apache Tomcat/9.0.55]
2021-12-20 16:39:47,753 INFO org.apache.juli.logging.DirectJDKLog [main] Initializing Spring embedded WebApplicationContext
2021-12-20 16:39:47,768 INFO org.springframework.boot.web.servlet.context.ServletWebServerApplicationContext [main] Root WebApplicationContext: initialization completed in 1640 ms
2021-12-20 16:39:47,800 INFO com.zaxxer.hikari.HikariDataSource [main] HikariPool-1 - Starting...
2021-12-20 16:39:47,909 INFO com.zaxxer.hikari.HikariDataSource [main] HikariPool-1 - Start completed.
2021-12-20 16:39:47,925 INFO org.springframework.boot.autoconfigure.h2.H2ConsoleAutoConfiguration [main] H2 console available at '/h2-console'. Database available at 'jdbc:h2:file:/C:/Users/David Enfedaque/Desktop/ACCESO A DATOS/baseDeDatos.db'
2021-12-20 16:39:48,065 INFO org.hibernate.jpa.internal.util.LogHelper [main] HHH000204: Processing PersistenceUnitInfo [name: default]
2021-12-20 16:39:48,096 INFO org.hibernate.Version [main] HHH000412: Hibernate ORM core version 5.6.1.Final
2021-12-20 16:39:48,206 INFO org.hibernate.annotations.common.reflection.java.JavaReflectionManager [main] HCANN000001: Hibernate Commons Annotations {5.1.2.Final}
2021-12-20 16:39:48,300 INFO org.hibernate.dialect.Dialect [main] HHH000400: Using dialect: org.hibernate.dialect.H2Dialect
2021-12-20 16:39:48,893 INFO org.hibernate.engine.transaction.jta.platform.internal.JtaPlatformInitiator [main] HHH000490: Using JtaPlatform implementation: [org.hibernate.engine.transaction.jta.platform.internal.NoJtaPlatform]
2021-12-20 16:39:48,893 INFO org.springframework.orm.jpa.AbstractEntityManagerFactoryBean [main] Initialized JPA EntityManagerFactory for persistence unit 'default'
2021-12-20 16:39:49,127 WARN org.springframework.boot.autoconfigure.orm.jpa.JpaBaseConfiguration$JpaWebConfiguration [main] spring.jpa.open-in-view is enabled by default. Therefore, database queries may be performed during view rendering. Explicitly configure spring.jpa.open-in-view to disable this warning
2021-12-20 16:39:49,377 INFO org.apache.juli.logging.DirectJDKLog [main] Starting ProtocolHandler ["http-nio-8080"]
2021-12-20 16:39:49,393 INFO org.springframework.boot.web.embedded.tomcat.TomcatWebServer [main] Tomcat started on port(s): 8080 (http) with context path ''
2021-12-20 16:39:49,409 INFO org.springframework.boot.StartupInfoLogger [main] Started tallerApiApplication in 3.777 seconds (JVM running for 4.405)
2021-12-20 16:40:29,881 INFO org.apache.juli.logging.DirectJDKLog [http-nio-8080-exec-2] Initializing Spring DispatcherServlet 'dispatcherServlet'
2021-12-20 16:40:29,881 INFO org.springframework.web.servlet.FrameworkServlet [http-nio-8080-exec-2] Initializing Servlet 'dispatcherServlet'
2021-12-20 16:40:29,881 INFO org.springframework.web.servlet.FrameworkServlet [http-nio-8080-exec-2] Completed initialization in 0 ms
2021-12-20 16:40:29,921 INFO com.enfedaque.tallerapi.controller.empleadosController [http-nio-8080-exec-2] Inicio getEmpleados
2021-12-20 16:40:30,073 INFO com.enfedaque.tallerapi.controller.empleadosController [http-nio-8080-exec-2] Fin operacion de mostrado de empleados
2021-12-20 16:40:35,510 INFO com.enfedaque.tallerapi.controller.clientesController [http-nio-8080-exec-3] Inicio getClientes
2021-12-20 16:40:35,518 INFO com.enfedaque.tallerapi.controller.clientesController [http-nio-8080-exec-3] Fin operacion de mostrado de clientes
2021-12-20 16:40:39,170 INFO com.enfedaque.tallerapi.controller.usuariosController [http-nio-8080-exec-4] Inicio getUsuarios
2021-12-20 16:40:39,178 INFO com.enfedaque.tallerapi.controller.usuariosController [http-nio-8080-exec-4] Fin operacion de mostrado de usuarios
2021-12-20 16:40:44,096 INFO com.enfedaque.tallerapi.controller.usuariosController [http-nio-8080-exec-5] Inicio getUsuarios
2021-12-20 16:40:44,096 INFO com.enfedaque.tallerapi.controller.usuariosController [http-nio-8080-exec-5] Fin operacion de mostrado de usuarios
2021-12-20 16:40:55,464 INFO com.enfedaque.tallerapi.controller.vehiculosController [http-nio-8080-exec-6] Inicio getVehiculos
2021-12-20 16:40:55,480 INFO com.enfedaque.tallerapi.controller.vehiculosController [http-nio-8080-exec-6] Fin operacion de mostrado de vehiculos
2021-12-20 16:40:59,752 INFO com.enfedaque.tallerapi.controller.facturasController [http-nio-8080-exec-7] Inicio getFacturas
2021-12-20 16:40:59,784 INFO com.enfedaque.tallerapi.controller.facturasController [http-nio-8080-exec-7] Fin operacion de mostrado de facturas
2021-12-20 16:41:30,640 INFO com.enfedaque.tallerapi.controller.empleadosController [http-nio-8080-exec-8] Inicio AddEmpleado
2021-12-20 16:41:30,744 INFO com.enfedaque.tallerapi.controller.empleadosController [http-nio-8080-exec-8] Empleado con id: 1 añadido. FIN de la operación
2021-12-20 16:42:30,862 INFO com.enfedaque.tallerapi.controller.empleadosController [http-nio-8080-exec-9] Inicio AddEmpleado
2021-12-20 16:42:30,878 INFO com.enfedaque.tallerapi.controller.empleadosController [http-nio-8080-exec-9] Empleado con id: 2 añadido. FIN de la operación
2021-12-20 16:42:42,106 INFO com.enfedaque.tallerapi.controller.empleadosController [http-nio-8080-exec-10] Inicio getEmpleados
2021-12-20 16:42:42,122 INFO com.enfedaque.tallerapi.controller.empleadosController [http-nio-8080-exec-10] Fin operacion de mostrado de empleados
2021-12-20 16:42:50,311 INFO com.enfedaque.tallerapi.controller.usuariosController [http-nio-8080-exec-1] Inicio getUsuarios
2021-12-20 16:42:50,311 INFO com.enfedaque.tallerapi.controller.usuariosController [http-nio-8080-exec-1] Fin operacion de mostrado de usuarios
2021-12-20 16:43:17,344 INFO com.enfedaque.tallerapi.controller.empleadosController [http-nio-8080-exec-2] Inicio busqueda de empleado con id: 1
2021-12-20 16:43:17,352 INFO com.enfedaque.tallerapi.controller.empleadosController [http-nio-8080-exec-2] Fin de la operacion de busqueda
2021-12-20 16:43:21,800 INFO com.enfedaque.tallerapi.controller.empleadosController [http-nio-8080-exec-3] Inicio busqueda de empleado con id: 3
2021-12-20 16:43:21,816 ERROR com.enfedaque.tallerapi.controller.empleadosController [http-nio-8080-exec-3] Este empleado no existe
com.enfedaque.tallerapi.excepciones.empleadoNotFoundException: Este empleado no existe
	at com.enfedaque.tallerapi.service.empleadoServiceImplem.lambda$findById$1(empleadoServiceImplem.java:45)
	at java.base/java.util.Optional.orElseThrow(Optional.java:408)
	at com.enfedaque.tallerapi.service.empleadoServiceImplem.findById(empleadoServiceImplem.java:45)
	at com.enfedaque.tallerapi.controller.empleadosController.getEmpleado(empleadosController.java:69)
	at java.base/jdk.internal.reflect.NativeMethodAccessorImpl.invoke0(Native Method)
	at java.base/jdk.internal.reflect.NativeMethodAccessorImpl.invoke(NativeMethodAccessorImpl.java:62)
	at java.base/jdk.internal.reflect.DelegatingMethodAccessorImpl.invoke(DelegatingMethodAccessorImpl.java:43)
	at java.base/java.lang.reflect.Method.invoke(Method.java:566)
	at org.springframework.web.method.support.InvocableHandlerMethod.doInvoke(InvocableHandlerMethod.java:205)
	at org.springframework.web.method.support.InvocableHandlerMethod.invokeForRequest(InvocableHandlerMethod.java:150)
	at org.springframework.web.servlet.mvc.method.annotation.ServletInvocableHandlerMethod.invokeAndHandle(ServletInvocableHandlerMethod.java:117)
	at org.springframework.web.servlet.mvc.method.annotation.RequestMappingHandlerAdapter.invokeHandlerMethod(RequestMappingHandlerAdapter.java:895)
	at org.springframework.web.servlet.mvc.method.annotation.RequestMappingHandlerAdapter.handleInternal(RequestMappingHandlerAdapter.java:808)
	at org.springframework.web.servlet.mvc.method.AbstractHandlerMethodAdapter.handle(AbstractHandlerMethodAdapter.java:87)
	at org.springframework.web.servlet.DispatcherServlet.doDispatch(DispatcherServlet.java:1067)
	at org.springframework.web.servlet.DispatcherServlet.doService(DispatcherServlet.java:963)
	at org.springframework.web.servlet.FrameworkServlet.processRequest(FrameworkServlet.java:1006)
	at org.springframework.web.servlet.FrameworkServlet.doGet(FrameworkServlet.java:898)
	at javax.servlet.http.HttpServlet.service(HttpServlet.java:655)
	at org.springframework.web.servlet.FrameworkServlet.service(FrameworkServlet.java:883)
	at javax.servlet.http.HttpServlet.service(HttpServlet.java:764)
	at org.apache.catalina.core.ApplicationFilterChain.internalDoFilter(ApplicationFilterChain.java:227)
	at org.apache.catalina.core.ApplicationFilterChain.doFilter(ApplicationFilterChain.java:162)
	at org.apache.tomcat.websocket.server.WsFilter.doFilter(WsFilter.java:53)
	at org.apache.catalina.core.ApplicationFilterChain.internalDoFilter(ApplicationFilterChain.java:189)
	at org.apache.catalina.core.ApplicationFilterChain.doFilter(ApplicationFilterChain.java:162)
	at org.springframework.web.filter.RequestContextFilter.doFilterInternal(RequestContextFilter.java:100)
	at org.springframework.web.filter.OncePerRequestFilter.doFilter(OncePerRequestFilter.java:119)
	at org.apache.catalina.core.ApplicationFilterChain.internalDoFilter(ApplicationFilterChain.java:189)
	at org.apache.catalina.core.ApplicationFilterChain.doFilter(ApplicationFilterChain.java:162)
	at org.springframework.web.filter.FormContentFilter.doFilterInternal(FormContentFilter.java:93)
	at org.springframework.web.filter.OncePerRequestFilter.doFilter(OncePerRequestFilter.java:119)
	at org.apache.catalina.core.ApplicationFilterChain.internalDoFilter(ApplicationFilterChain.java:189)
	at org.apache.catalina.core.ApplicationFilterChain.doFilter(ApplicationFilterChain.java:162)
	at org.springframework.web.filter.CharacterEncodingFilter.doFilterInternal(CharacterEncodingFilter.java:201)
	at org.springframework.web.filter.OncePerRequestFilter.doFilter(OncePerRequestFilter.java:119)
	at org.apache.catalina.core.ApplicationFilterChain.internalDoFilter(ApplicationFilterChain.java:189)
	at org.apache.catalina.core.ApplicationFilterChain.doFilter(ApplicationFilterChain.java:162)
	at org.apache.catalina.core.StandardWrapperValve.invoke(StandardWrapperValve.java:197)
	at org.apache.catalina.core.StandardContextValve.invoke(StandardContextValve.java:97)
	at org.apache.catalina.authenticator.AuthenticatorBase.invoke(AuthenticatorBase.java:540)
	at org.apache.catalina.core.StandardHostValve.invoke(StandardHostValve.java:135)
	at org.apache.catalina.valves.ErrorReportValve.invoke(ErrorReportValve.java:92)
	at org.apache.catalina.core.StandardEngineValve.invoke(StandardEngineValve.java:78)
	at org.apache.catalina.connector.CoyoteAdapter.service(CoyoteAdapter.java:357)
	at org.apache.coyote.http11.Http11Processor.service(Http11Processor.java:382)
	at org.apache.coyote.AbstractProcessorLight.process(AbstractProcessorLight.java:65)
	at org.apache.coyote.AbstractProtocol$ConnectionHandler.process(AbstractProtocol.java:895)
	at org.apache.tomcat.util.net.NioEndpoint$SocketProcessor.doRun(NioEndpoint.java:1722)
	at org.apache.tomcat.util.net.SocketProcessorBase.run(SocketProcessorBase.java:49)
	at org.apache.tomcat.util.threads.ThreadPoolExecutor.runWorker(ThreadPoolExecutor.java:1191)
	at org.apache.tomcat.util.threads.ThreadPoolExecutor$Worker.run(ThreadPoolExecutor.java:659)
	at org.apache.tomcat.util.threads.TaskThread$WrappingRunnable.run(TaskThread.java:61)
	at java.base/java.lang.Thread.run(Thread.java:834)
2021-12-20 16:43:26,085 INFO com.enfedaque.tallerapi.controller.empleadosController [http-nio-8080-exec-4] Inicio busqueda de empleado con id: 2
2021-12-20 16:43:26,093 INFO com.enfedaque.tallerapi.controller.empleadosController [http-nio-8080-exec-4] Fin de la operacion de busqueda
2021-12-20 16:43:29,880 INFO com.enfedaque.tallerapi.controller.empleadosController [http-nio-8080-exec-5] Inicio busqueda de empleado con id: 1
2021-12-20 16:43:29,888 INFO com.enfedaque.tallerapi.controller.empleadosController [http-nio-8080-exec-5] Fin de la operacion de busqueda
2021-12-20 16:43:37,281 INFO com.enfedaque.tallerapi.controller.usuariosController [http-nio-8080-exec-6] Inicio busqueda de usuario con id: 1
2021-12-20 16:43:37,281 INFO com.enfedaque.tallerapi.controller.usuariosController [http-nio-8080-exec-6] Fin de la operacion de busqueda
2021-12-20 16:43:41,476 INFO com.enfedaque.tallerapi.controller.usuariosController [http-nio-8080-exec-7] Inicio busqueda de usuario con id: 2
2021-12-20 16:43:41,484 INFO com.enfedaque.tallerapi.controller.usuariosController [http-nio-8080-exec-7] Fin de la operacion de busqueda
2021-12-20 16:56:13,549 INFO com.enfedaque.tallerapi.controller.empleadosController [http-nio-8080-exec-10] Inicio getEmpleados
2021-12-20 16:56:13,549 INFO com.enfedaque.tallerapi.controller.empleadosController [http-nio-8080-exec-10] Fin operacion de mostrado de empleados
2021-12-20 16:59:30,609 INFO org.springframework.boot.StartupInfoLogger [main] Starting tallerApiApplication using Java 11.0.8 on LAPTOP-NRPU4M3U with PID 7484 (C:\Users\David Enfedaque\Desktop\ACCESO A DATOS\tallerAPI\target\classes started by David Enfedaque in C:\Users\David Enfedaque\Desktop\ACCESO A DATOS\tallerAPI)
2021-12-20 16:59:30,609 INFO org.springframework.boot.SpringApplication [main] No active profile set, falling back to default profiles: default
2021-12-20 16:59:31,328 INFO org.springframework.data.repository.config.RepositoryConfigurationDelegate [main] Bootstrapping Spring Data JPA repositories in DEFAULT mode.
2021-12-20 16:59:31,406 INFO org.springframework.data.repository.config.RepositoryConfigurationDelegate [main] Finished Spring Data repository scanning in 64 ms. Found 5 JPA repository interfaces.
2021-12-20 16:59:32,078 INFO org.springframework.boot.web.embedded.tomcat.TomcatWebServer [main] Tomcat initialized with port(s): 8080 (http)
2021-12-20 16:59:32,078 INFO org.apache.juli.logging.DirectJDKLog [main] Initializing ProtocolHandler ["http-nio-8080"]
2021-12-20 16:59:32,078 INFO org.apache.juli.logging.DirectJDKLog [main] Starting service [Tomcat]
2021-12-20 16:59:32,078 INFO org.apache.juli.logging.DirectJDKLog [main] Starting Servlet engine: [Apache Tomcat/9.0.55]
2021-12-20 16:59:32,171 INFO org.apache.juli.logging.DirectJDKLog [main] Initializing Spring embedded WebApplicationContext
2021-12-20 16:59:32,171 INFO org.springframework.boot.web.servlet.context.ServletWebServerApplicationContext [main] Root WebApplicationContext: initialization completed in 1531 ms
2021-12-20 16:59:32,203 INFO com.zaxxer.hikari.HikariDataSource [main] HikariPool-1 - Starting...
2021-12-20 16:59:32,343 INFO com.zaxxer.hikari.HikariDataSource [main] HikariPool-1 - Start completed.
2021-12-20 16:59:32,359 INFO org.springframework.boot.autoconfigure.h2.H2ConsoleAutoConfiguration [main] H2 console available at '/h2-console'. Database available at 'jdbc:h2:file:/C:/Users/David Enfedaque/Desktop/ACCESO A DATOS/baseDeDatos.db'
2021-12-20 16:59:32,484 INFO org.hibernate.jpa.internal.util.LogHelper [main] HHH000204: Processing PersistenceUnitInfo [name: default]
2021-12-20 16:59:32,515 INFO org.hibernate.Version [main] HHH000412: Hibernate ORM core version 5.6.1.Final
2021-12-20 16:59:32,624 INFO org.hibernate.annotations.common.reflection.java.JavaReflectionManager [main] HCANN000001: Hibernate Commons Annotations {5.1.2.Final}
2021-12-20 16:59:32,702 INFO org.hibernate.dialect.Dialect [main] HHH000400: Using dialect: org.hibernate.dialect.H2Dialect
2021-12-20 16:59:33,234 INFO org.hibernate.engine.transaction.jta.platform.internal.JtaPlatformInitiator [main] HHH000490: Using JtaPlatform implementation: [org.hibernate.engine.transaction.jta.platform.internal.NoJtaPlatform]
2021-12-20 16:59:33,249 INFO org.springframework.orm.jpa.AbstractEntityManagerFactoryBean [main] Initialized JPA EntityManagerFactory for persistence unit 'default'
2021-12-20 16:59:33,484 WARN org.springframework.boot.autoconfigure.orm.jpa.JpaBaseConfiguration$JpaWebConfiguration [main] spring.jpa.open-in-view is enabled by default. Therefore, database queries may be performed during view rendering. Explicitly configure spring.jpa.open-in-view to disable this warning
2021-12-20 16:59:33,718 INFO org.apache.juli.logging.DirectJDKLog [main] Starting ProtocolHandler ["http-nio-8080"]
2021-12-20 16:59:33,734 INFO org.springframework.boot.web.embedded.tomcat.TomcatWebServer [main] Tomcat started on port(s): 8080 (http) with context path ''
2021-12-20 16:59:33,749 INFO org.springframework.boot.StartupInfoLogger [main] Started tallerApiApplication in 3.488 seconds (JVM running for 4.062)
2021-12-20 16:59:39,238 INFO org.apache.juli.logging.DirectJDKLog [http-nio-8080-exec-2] Initializing Spring DispatcherServlet 'dispatcherServlet'
2021-12-20 16:59:39,246 INFO org.springframework.web.servlet.FrameworkServlet [http-nio-8080-exec-2] Initializing Servlet 'dispatcherServlet'
2021-12-20 16:59:39,246 INFO org.springframework.web.servlet.FrameworkServlet [http-nio-8080-exec-2] Completed initialization in 0 ms
2021-12-20 16:59:39,278 INFO com.enfedaque.tallerapi.controller.empleadosController [http-nio-8080-exec-2] Inicio getEmpleados
2021-12-20 16:59:39,462 INFO com.enfedaque.tallerapi.controller.empleadosController [http-nio-8080-exec-2] Fin operacion de mostrado de empleados
2021-12-20 17:00:09,188 INFO com.enfedaque.tallerapi.controller.empleadosController [http-nio-8080-exec-3] Inicio modificar empleado con id: 2
2021-12-20 17:00:09,252 INFO com.enfedaque.tallerapi.controller.empleadosController [http-nio-8080-exec-3] Empleado con id: 2 modificada. FIN de la operación
2021-12-20 17:00:16,822 INFO com.enfedaque.tallerapi.controller.empleadosController [http-nio-8080-exec-4] Inicio getEmpleados
2021-12-20 17:00:16,822 INFO com.enfedaque.tallerapi.controller.empleadosController [http-nio-8080-exec-4] Fin operacion de mostrado de empleados
2021-12-20 17:00:27,402 INFO com.enfedaque.tallerapi.controller.empleadosController [http-nio-8080-exec-5] Inicio busqueda de empleado con id: 2
2021-12-20 17:00:27,402 INFO com.enfedaque.tallerapi.controller.empleadosController [http-nio-8080-exec-5] Fin de la operacion de busqueda
